# JRE version: OpenJDK Runtime Environment Temurin-17.0.10+7 (17.0.10+7) (build 17.0.10+7)
# Java VM: OpenJDK 64-Bit Server VM Temurin-17.0.10+7 (17.0.10+7, mixed mode, tiered, compressed oops, compressed class ptrs, parallel gc, windows-amd64)
GC Precious Log:
 CPUs: 12 total, 12 available
 Memory: 15761M
 Large Page Support: Disabled
 NUMA Support: Disabled
 Compressed Oops: Enabled (32-bit)
 Alignments: Space 512K, Generation 512K, Heap 2M
 Heap Min Capacity: 100M
 Heap Initial Capacity: 100M
 Heap Max Capacity: 1G
 Pre-touch: Disabled
 Parallel Workers: 10
Heap:
 PSYoungGen      total 5120K, used 480K [0x00000000eab00000, 0x00000000eb880000, 0x0000000100000000)
  eden space 4608K, 0% used [0x00000000eab00000,0x00000000eab00000,0x00000000eaf80000)
  from space 512K, 93% used [0x00000000eb000000,0x00000000eb078020,0x00000000eb080000)
  to   space 4608K, 0% used [0x00000000eb400000,0x00000000eb400000,0x00000000eb880000)
 ParOldGen       total 179200K, used 175611K [0x00000000c0000000, 0x00000000caf00000, 0x00000000eab00000)
  object space 179200K, 97% used [0x00000000c0000000,0x00000000cab7ee48,0x00000000caf00000)
 Metaspace       used 102428K, committed 103936K, reserved 1179648K
  class space    used 10417K, committed 11072K, reserved 1048576K
GC Heap History (20 events):
Event: 7290.706 GC heap after
{Heap after GC invocations=2419 (full 78):
 PSYoungGen      total 4096K, used 1436K [0x00000000eab00000, 0x00000000eb200000, 0x0000000100000000)
  eden space 2560K, 0% used [0x00000000eab00000,0x00000000eab00000,0x00000000ead80000)
  from space 1536K, 93% used [0x00000000eb080000,0x00000000eb1e7270,0x00000000eb200000)
  to   space 2048K, 0% used [0x00000000eae00000,0x00000000eae00000,0x00000000eb000000)
 ParOldGen       total 179200K, used 166001K [0x00000000c0000000, 0x00000000caf00000, 0x00000000eab00000)
  object space 179200K, 92% used [0x00000000c0000000,0x00000000ca21c7d8,0x00000000caf00000)
 Metaspace       used 101961K, committed 103360K, reserved 1179648K
  class space    used 10378K, committed 11008K, reserved 1048576K
}
Event: 7290.710 GC heap before
{Heap before GC invocations=2420 (full 78):
 PSYoungGen      total 4096K, used 3996K [0x00000000eab00000, 0x00000000eb200000, 0x0000000100000000)
  eden space 2560K, 100% used [0x00000000eab00000,0x00000000ead80000,0x00000000ead80000)
  from space 1536K, 93% used [0x00000000eb080000,0x00000000eb1e7270,0x00000000eb200000)
  to   space 2048K, 0% used [0x00000000eae00000,0x00000000eae00000,0x00000000eb000000)
 ParOldGen       total 179200K, used 166001K [0x00000000c0000000, 0x00000000caf00000, 0x00000000eab00000)
  object space 179200K, 92% used [0x00000000c0000000,0x00000000ca21c7d8,0x00000000caf00000)
 Metaspace       used 101961K, committed 103360K, reserved 1179648K
  class space    used 10378K, committed 11008K, reserved 1048576K
}
Event: 7290.711 GC heap after
{Heap after GC invocations=2420 (full 78):
 PSYoungGen      total 5120K, used 2048K [0x00000000eab00000, 0x00000000eb700000, 0x0000000100000000)
  eden space 3072K, 0% used [0x00000000eab00000,0x00000000eab00000,0x00000000eae00000)
  from space 2048K, 100% used [0x00000000eae00000,0x00000000eb000000,0x00000000eb000000)
  to   space 4608K, 0% used [0x00000000eb280000,0x00000000eb280000,0x00000000eb700000)
 ParOldGen       total 179200K, used 167686K [0x00000000c0000000, 0x00000000caf00000, 0x00000000eab00000)
  object space 179200K, 93% used [0x00000000c0000000,0x00000000ca3c1a48,0x00000000caf00000)
 Metaspace       used 101961K, committed 103360K, reserved 1179648K
  class space    used 10378K, committed 11008K, reserved 1048576K
}
Event: 7560.488 GC heap before
{Heap before GC invocations=2421 (full 78):
 PSYoungGen      total 5120K, used 5120K [0x00000000eab00000, 0x00000000eb700000, 0x0000000100000000)
  eden space 3072K, 100% used [0x00000000eab00000,0x00000000eae00000,0x00000000eae00000)
  from space 2048K, 100% used [0x00000000eae00000,0x00000000eb000000,0x00000000eb000000)
  to   space 4608K, 0% used [0x00000000eb280000,0x00000000eb280000,0x00000000eb700000)
 ParOldGen       total 179200K, used 167686K [0x00000000c0000000, 0x00000000caf00000, 0x00000000eab00000)
  object space 179200K, 93% used [0x00000000c0000000,0x00000000ca3c1a48,0x00000000caf00000)
 Metaspace       used 101970K, committed 103424K, reserved 1179648K
  class space    used 10378K, committed 11008K, reserved 1048576K
}
Event: 7560.491 GC heap after
{Heap after GC invocations=2421 (full 78):
 PSYoungGen      total 5120K, used 544K [0x00000000eab00000, 0x00000000eb380000, 0x0000000100000000)
  eden space 4096K, 0% used [0x00000000eab00000,0x00000000eab00000,0x00000000eaf00000)
  from space 1024K, 53% used [0x00000000eb280000,0x00000000eb308000,0x00000000eb380000)
  to   space 2048K, 0% used [0x00000000eaf80000,0x00000000eaf80000,0x00000000eb180000)
 ParOldGen       total 179200K, used 169790K [0x00000000c0000000, 0x00000000caf00000, 0x00000000eab00000)
  object space 179200K, 94% used [0x00000000c0000000,0x00000000ca5cfa48,0x00000000caf00000)
 Metaspace       used 101970K, committed 103424K, reserved 1179648K
  class space    used 10378K, committed 11008K, reserved 1048576K
}
Event: 8040.434 GC heap before
{Heap before GC invocations=2422 (full 78):
 PSYoungGen      total 5120K, used 4639K [0x00000000eab00000, 0x00000000eb380000, 0x0000000100000000)
  eden space 4096K, 99% used [0x00000000eab00000,0x00000000eaefffb8,0x00000000eaf00000)
  from space 1024K, 53% used [0x00000000eb280000,0x00000000eb308000,0x00000000eb380000)
  to   space 2048K, 0% used [0x00000000eaf80000,0x00000000eaf80000,0x00000000eb180000)
 ParOldGen       total 179200K, used 169790K [0x00000000c0000000, 0x00000000caf00000, 0x00000000eab00000)
  object space 179200K, 94% used [0x00000000c0000000,0x00000000ca5cfa48,0x00000000caf00000)
 Metaspace       used 102131K, committed 103616K, reserved 1179648K
  class space    used 10395K, committed 11008K, reserved 1048576K
}
Event: 8040.435 GC heap after
{Heap after GC invocations=2422 (full 78):
 PSYoungGen      total 6656K, used 384K [0x00000000eab00000, 0x00000000eb300000, 0x0000000100000000)
  eden space 4608K, 0% used [0x00000000eab00000,0x00000000eab00000,0x00000000eaf80000)
  from space 2048K, 18% used [0x00000000eaf80000,0x00000000eafe0000,0x00000000eb180000)
  to   space 1024K, 0% used [0x00000000eb200000,0x00000000eb200000,0x00000000eb300000)
 ParOldGen       total 179200K, used 170198K [0x00000000c0000000, 0x00000000caf00000, 0x00000000eab00000)
  object space 179200K, 94% used [0x00000000c0000000,0x00000000ca635a48,0x00000000caf00000)
 Metaspace       used 102131K, committed 103616K, reserved 1179648K
  class space    used 10395K, committed 11008K, reserved 1048576K
}
Event: 8040.463 GC heap before
{Heap before GC invocations=2423 (full 78):
 PSYoungGen      total 6656K, used 4992K [0x00000000eab00000, 0x00000000eb300000, 0x0000000100000000)
  eden space 4608K, 100% used [0x00000000eab00000,0x00000000eaf80000,0x00000000eaf80000)
  from space 2048K, 18% used [0x00000000eaf80000,0x00000000eafe0000,0x00000000eb180000)
  to   space 1024K, 0% used [0x00000000eb200000,0x00000000eb200000,0x00000000eb300000)
 ParOldGen       total 179200K, used 170198K [0x00000000c0000000, 0x00000000caf00000, 0x00000000eab00000)
  object space 179200K, 94% used [0x00000000c0000000,0x00000000ca635a48,0x00000000caf00000)
 Metaspace       used 102138K, committed 103616K, reserved 1179648K
  class space    used 10395K, committed 11008K, reserved 1048576K
}
Event: 8040.464 GC heap after
{Heap after GC invocations=2423 (full 78):
 PSYoungGen      total 5632K, used 1018K [0x00000000eab00000, 0x00000000eb300000, 0x0000000100000000)
  eden space 4608K, 0% used [0x00000000eab00000,0x00000000eab00000,0x00000000eaf80000)
  from space 1024K, 99% used [0x00000000eb200000,0x00000000eb2febf8,0x00000000eb300000)
  to   space 1536K, 0% used [0x00000000eb000000,0x00000000eb000000,0x00000000eb180000)
 ParOldGen       total 179200K, used 170494K [0x00000000c0000000, 0x00000000caf00000, 0x00000000eab00000)
  object space 179200K, 95% used [0x00000000c0000000,0x00000000ca67fa48,0x00000000caf00000)
 Metaspace       used 102138K, committed 103616K, reserved 1179648K
  class space    used 10395K, committed 11008K, reserved 1048576K
}
Event: 8040.853 GC heap before
{Heap before GC invocations=2424 (full 78):
 PSYoungGen      total 5632K, used 5626K [0x00000000eab00000, 0x00000000eb300000, 0x0000000100000000)
  eden space 4608K, 100% used [0x00000000eab00000,0x00000000eaf80000,0x00000000eaf80000)
  from space 1024K, 99% used [0x00000000eb200000,0x00000000eb2febf8,0x00000000eb300000)
  to   space 1536K, 0% used [0x00000000eb000000,0x00000000eb000000,0x00000000eb180000)
 ParOldGen       total 179200K, used 170494K [0x00000000c0000000, 0x00000000caf00000, 0x00000000eab00000)
  object space 179200K, 95% used [0x00000000c0000000,0x00000000ca67fa48,0x00000000caf00000)
 Metaspace       used 102139K, committed 103616K, reserved 1179648K
  class space    used 10395K, committed 11008K, reserved 1048576K
}
Event: 8040.854 GC heap after
{Heap after GC invocations=2424 (full 78):
 PSYoungGen      total 5632K, used 884K [0x00000000eab00000, 0x00000000eb280000, 0x0000000100000000)
  eden space 4608K, 0% used [0x00000000eab00000,0x00000000eab00000,0x00000000eaf80000)
  from space 1024K, 86% used [0x00000000eb000000,0x00000000eb0dd220,0x00000000eb100000)
  to   space 1536K, 0% used [0x00000000eb100000,0x00000000eb100000,0x00000000eb280000)
 ParOldGen       total 179200K, used 171027K [0x00000000c0000000, 0x00000000caf00000, 0x00000000eab00000)
  object space 179200K, 95% used [0x00000000c0000000,0x00000000ca704c88,0x00000000caf00000)
 Metaspace       used 102139K, committed 103616K, reserved 1179648K
  class space    used 10395K, committed 11008K, reserved 1048576K
}
Event: 8040.861 GC heap before
{Heap before GC invocations=2425 (full 78):
 PSYoungGen      total 5632K, used 5492K [0x00000000eab00000, 0x00000000eb280000, 0x0000000100000000)
  eden space 4608K, 100% used [0x00000000eab00000,0x00000000eaf80000,0x00000000eaf80000)
  from space 1024K, 86% used [0x00000000eb000000,0x00000000eb0dd220,0x00000000eb100000)
  to   space 1536K, 0% used [0x00000000eb100000,0x00000000eb100000,0x00000000eb280000)
 ParOldGen       total 179200K, used 171027K [0x00000000c0000000, 0x00000000caf00000, 0x00000000eab00000)
  object space 179200K, 95% used [0x00000000c0000000,0x00000000ca704c88,0x00000000caf00000)
 Metaspace       used 102139K, committed 103616K, reserved 1179648K
  class space    used 10395K, committed 11008K, reserved 1048576K
}
Event: 8040.861 GC heap after
{Heap after GC invocations=2425 (full 78):
 PSYoungGen      total 5632K, used 666K [0x00000000eab00000, 0x00000000eb200000, 0x0000000100000000)
  eden space 4608K, 0% used [0x00000000eab00000,0x00000000eab00000,0x00000000eaf80000)
  from space 1024K, 65% used [0x00000000eb100000,0x00000000eb1a6900,0x00000000eb200000)
  to   space 1024K, 0% used [0x00000000eb000000,0x00000000eb000000,0x00000000eb100000)
 ParOldGen       total 179200K, used 171427K [0x00000000c0000000, 0x00000000caf00000, 0x00000000eab00000)
  object space 179200K, 95% used [0x00000000c0000000,0x00000000ca768cc8,0x00000000caf00000)
 Metaspace       used 102139K, committed 103616K, reserved 1179648K
  class space    used 10395K, committed 11008K, reserved 1048576K
}
Event: 8053.542 GC heap before
{Heap before GC invocations=2426 (full 78):
 PSYoungGen      total 5632K, used 5193K [0x00000000eab00000, 0x00000000eb200000, 0x0000000100000000)
  eden space 4608K, 98% used [0x00000000eab00000,0x00000000eaf6be80,0x00000000eaf80000)
  from space 1024K, 65% used [0x00000000eb100000,0x00000000eb1a6900,0x00000000eb200000)
  to   space 1024K, 0% used [0x00000000eb000000,0x00000000eb000000,0x00000000eb100000)
 ParOldGen       total 179200K, used 171427K [0x00000000c0000000, 0x00000000caf00000, 0x00000000eab00000)
  object space 179200K, 95% used [0x00000000c0000000,0x00000000ca768cc8,0x00000000caf00000)
 Metaspace       used 102423K, committed 103936K, reserved 1179648K
  class space    used 10416K, committed 11072K, reserved 1048576K
}
Event: 8053.543 GC heap after
{Heap after GC invocations=2426 (full 78):
 PSYoungGen      total 5120K, used 404K [0x00000000eab00000, 0x00000000eb180000, 0x0000000100000000)
  eden space 4608K, 0% used [0x00000000eab00000,0x00000000eab00000,0x00000000eaf80000)
  from space 512K, 79% used [0x00000000eb000000,0x00000000eb065200,0x00000000eb080000)
  to   space 1024K, 0% used [0x00000000eb080000,0x00000000eb080000,0x00000000eb180000)
 ParOldGen       total 179200K, used 171923K [0x00000000c0000000, 0x00000000caf00000, 0x00000000eab00000)
  object space 179200K, 95% used [0x00000000c0000000,0x00000000ca7e4ef8,0x00000000caf00000)
 Metaspace       used 102423K, committed 103936K, reserved 1179648K
  class space    used 10416K, committed 11072K, reserved 1048576K
}
Event: 8053.553 GC heap before
{Heap before GC invocations=2427 (full 78):
 PSYoungGen      total 5120K, used 5004K [0x00000000eab00000, 0x00000000eb180000, 0x0000000100000000)
  eden space 4608K, 99% used [0x00000000eab00000,0x00000000eaf7de00,0x00000000eaf80000)
  from space 512K, 79% used [0x00000000eb000000,0x00000000eb065200,0x00000000eb080000)
  to   space 1024K, 0% used [0x00000000eb080000,0x00000000eb080000,0x00000000eb180000)
 ParOldGen       total 179200K, used 171923K [0x00000000c0000000, 0x00000000caf00000, 0x00000000eab00000)
  object space 179200K, 95% used [0x00000000c0000000,0x00000000ca7e4ef8,0x00000000caf00000)
 Metaspace       used 102423K, committed 103936K, reserved 1179648K
  class space    used 10416K, committed 11072K, reserved 1048576K
}
Event: 8053.554 GC heap after
{Heap after GC invocations=2427 (full 78):
 PSYoungGen      total 5120K, used 256K [0x00000000eab00000, 0x00000000eb100000, 0x0000000100000000)
  eden space 4608K, 0% used [0x00000000eab00000,0x00000000eab00000,0x00000000eaf80000)
  from space 512K, 50% used [0x00000000eb080000,0x00000000eb0c0000,0x00000000eb100000)
  to   space 512K, 0% used [0x00000000eb000000,0x00000000eb000000,0x00000000eb080000)
 ParOldGen       total 179200K, used 172176K [0x00000000c0000000, 0x00000000caf00000, 0x00000000eab00000)
  object space 179200K, 96% used [0x00000000c0000000,0x00000000ca8240f8,0x00000000caf00000)
 Metaspace       used 102423K, committed 103936K, reserved 1179648K
  class space    used 10416K, committed 11072K, reserved 1048576K
}
Event: 8053.561 GC heap before
{Heap before GC invocations=2428 (full 78):
 PSYoungGen      total 5120K, used 4864K [0x00000000eab00000, 0x00000000eb100000, 0x0000000100000000)
  eden space 4608K, 100% used [0x00000000eab00000,0x00000000eaf80000,0x00000000eaf80000)
  from space 512K, 50% used [0x00000000eb080000,0x00000000eb0c0000,0x00000000eb100000)
  to   space 512K, 0% used [0x00000000eb000000,0x00000000eb000000,0x00000000eb080000)
 ParOldGen       total 179200K, used 172176K [0x00000000c0000000, 0x00000000caf00000, 0x00000000eab00000)
  object space 179200K, 96% used [0x00000000c0000000,0x00000000ca8240f8,0x00000000caf00000)
 Metaspace       used 102428K, committed 103936K, reserved 1179648K
  class space    used 10417K, committed 11072K, reserved 1048576K
}
Event: 8053.563 GC heap after
{Heap after GC invocations=2428 (full 78):
 PSYoungGen      total 5120K, used 480K [0x00000000eab00000, 0x00000000eb880000, 0x0000000100000000)
  eden space 4608K, 0% used [0x00000000eab00000,0x00000000eab00000,0x00000000eaf80000)
  from space 512K, 93% used [0x00000000eb000000,0x00000000eb078020,0x00000000eb080000)
  to   space 4608K, 0% used [0x00000000eb400000,0x00000000eb400000,0x00000000eb880000)
 ParOldGen       total 179200K, used 175611K [0x00000000c0000000, 0x00000000caf00000, 0x00000000eab00000)
  object space 179200K, 97% used [0x00000000c0000000,0x00000000cab7ee48,0x00000000caf00000)
 Metaspace       used 102428K, committed 103936K, reserved 1179648K
  class space    used 10417K, committed 11072K, reserved 1048576K
}
Event: 8053.563 GC heap before
{Heap before GC invocations=2429 (full 79):
 PSYoungGen      total 5120K, used 480K [0x00000000eab00000, 0x00000000eb880000, 0x0000000100000000)
  eden space 4608K, 0% used [0x00000000eab00000,0x00000000eab00000,0x00000000eaf80000)
  from space 512K, 93% used [0x00000000eb000000,0x00000000eb078020,0x00000000eb080000)
  to   space 4608K, 0% used [0x00000000eb400000,0x00000000eb400000,0x00000000eb880000)
 ParOldGen       total 179200K, used 175611K [0x00000000c0000000, 0x00000000caf00000, 0x00000000eab00000)
  object space 179200K, 97% used [0x00000000c0000000,0x00000000cab7ee48,0x00000000caf00000)
 Metaspace       used 102428K, committed 103936K, reserved 1179648K
  class space    used 10417K, committed 11072K, reserved 1048576K
}

